c:\users\shajay.b\documents\visual studio 2019\source\alice2022_uoc\x64\release\alice.iobj
c:\users\bshajay\documents\github\alice2022_uoc\x64\release\alice.iobj
c:\users\shajay.b\source\repos\alice2022_uoc\x64\release\alice.iobj
c:\users\shajay.b\source\repos\alice2022_uoc\x64\release\alice.lib
c:\users\shajay.b\source\repos\alice2022_uoc\x64\release\alice.exp
c:\users\shajay.b\documents\visual studio 2019\source\alice2022_uoc\x64\release\vc142.pdb
c:\users\shajay.b\documents\visual studio 2019\source\alice2022_uoc\x64\release\vc142.idb
c:\users\shajay.b\documents\visual studio 2019\source\alice2022_uoc\x64\release\sketch_2021_genophenotype.obj
c:\users\shajay.b\source\repos\alice2022_uoc\x64\release\vc142.pdb
c:\users\shajay.b\source\repos\alice2022_uoc\x64\release\vc142.idb
c:\users\shajay.b\source\repos\alice2022_uoc\x64\release\sketch_intro.obj
c:\users\shajay.b\source\repos\alice2022_uoc\x64\release\sketch_2021_genophenotype - copy.obj
c:\users\shajay.b\documents\visual studio 2019\source\alice2022_uoc\x64\release\exe\alice.exe
c:\users\shajay.b\documents\visual studio 2019\source\alice2022_uoc\x64\release\alice.pdb
c:\users\shajay.b\source\repos\alice2022_uoc\x64\release\exe\alice.exe
c:\users\shajay.b\source\repos\alice2022_uoc\x64\release\alice.pdb
c:\users\shajay.b\source\repos\alice2022_uoc\x64\release\sketch_2021_genophenotype.obj
c:\users\shajay.b\source\repos\alice2022_uoc\x64\release\vc141.idb
c:\users\shajay.b\source\repos\alice2022_uoc\x64\release\vc141.pdb
c:\users\shajay.b\source\repos\alice2022_uoc\x64\release\alice.tlog\alice.write.1u.tlog
c:\users\shajay.b\source\repos\alice2022_uoc\x64\release\alice.tlog\cl.command.1.tlog
c:\users\shajay.b\source\repos\alice2022_uoc\x64\release\alice.tlog\cl.read.1.tlog
c:\users\shajay.b\source\repos\alice2022_uoc\x64\release\alice.tlog\cl.write.1.tlog
c:\users\shajay.b\source\repos\alice2022_uoc\x64\release\alice.tlog\link.command.1.tlog
c:\users\shajay.b\source\repos\alice2022_uoc\x64\release\alice.tlog\link.read.1.tlog
c:\users\shajay.b\source\repos\alice2022_uoc\x64\release\alice.tlog\link.write.1.tlog
